2022-11-25 16:36:41 [main] INFO  c.m.d.t.t.k.s.TwitterToKafkaServiceApplication - Starting TwitterToKafkaServiceApplication using Java 11.0.17 on SEN001426 with PID 1146637 (/home/viniciussilva/event-driven-microservices/microservices-demo/twitter-to-kafka-service/target/classes started by viniciussilva in /home/viniciussilva/event-driven-microservices/microservices-demo)
2022-11-25 16:36:41 [main] INFO  c.m.d.t.t.k.s.TwitterToKafkaServiceApplication - No active profile set, falling back to 1 default profile: "default"
2022-11-25 16:36:41 [main] INFO  c.m.d.t.t.k.s.TwitterToKafkaServiceApplication - Started TwitterToKafkaServiceApplication in 0.914 seconds (JVM running for 1.638)
2022-11-25 16:36:41 [main] INFO  c.m.d.t.t.k.s.TwitterToKafkaServiceApplication - App starts...
2022-11-25 16:36:41 [main] INFO  c.m.d.t.t.k.s.TwitterToKafkaServiceApplication - [Java, Microservices, Kafka, Elasticsearch]
2022-11-25 16:36:41 [main] INFO  c.m.d.t.t.k.s.TwitterToKafkaServiceApplication - Hello microservices!
2022-11-25 16:36:41 [main] INFO  c.m.d.t.t.k.s.r.i.TwitterV2KafkaStreamRunner - Created filter for twitter stream for keywords: [Java, Microservices, Kafka, Elasticsearch]
2022-11-25 16:36:42 [main] INFO  c.m.d.t.t.k.s.r.i.TwitterV2StreamHelper - Created rules for twitter stream Java
2022-11-25 16:36:43 [main] INFO  o.s.b.a.l.ConditionEvaluationReportLoggingListener - 

Error starting ApplicationContext. To display the conditions report re-run your application with 'debug' enabled.
2022-11-25 16:36:43 [main] ERROR o.s.boot.SpringApplication - Application run failed
java.lang.IllegalStateException: Failed to execute CommandLineRunner
	at org.springframework.boot.SpringApplication.callRunner(SpringApplication.java:774)
	at org.springframework.boot.SpringApplication.callRunners(SpringApplication.java:755)
	at org.springframework.boot.SpringApplication.run(SpringApplication.java:315)
	at org.springframework.boot.SpringApplication.run(SpringApplication.java:1306)
	at org.springframework.boot.SpringApplication.run(SpringApplication.java:1295)
	at com.microservices.demo.twitter.to.kafka.service.TwitterToKafkaServiceApplication.main(TwitterToKafkaServiceApplication.java:29)
Caused by: org.json.JSONException: A JSONObject text must begin with '{' at 3 [character 4 line 1]
	at org.json.JSONTokener.syntaxError(JSONTokener.java:521)
	at org.json.JSONObject.<init>(JSONObject.java:225)
	at org.json.JSONObject.<init>(JSONObject.java:421)
	at com.microservices.demo.twitter.to.kafka.service.runner.impl.TwitterV2StreamHelper.getFormattedTweet(TwitterV2StreamHelper.java:224)
	at com.microservices.demo.twitter.to.kafka.service.runner.impl.TwitterV2StreamHelper.connectStream(TwitterV2StreamHelper.java:89)
	at com.microservices.demo.twitter.to.kafka.service.runner.impl.TwitterV2KafkaStreamRunner.start(TwitterV2KafkaStreamRunner.java:39)
	at com.microservices.demo.twitter.to.kafka.service.TwitterToKafkaServiceApplication.run(TwitterToKafkaServiceApplication.java:37)
	at org.springframework.boot.SpringApplication.callRunner(SpringApplication.java:771)
	... 5 common frames omitted
2022-11-25 16:47:24 [main] INFO  c.m.d.t.t.k.s.TwitterToKafkaServiceApplication - Starting TwitterToKafkaServiceApplication using Java 11.0.17 on SEN001426 with PID 1151962 (/home/viniciussilva/event-driven-microservices/microservices-demo/twitter-to-kafka-service/target/classes started by viniciussilva in /home/viniciussilva/event-driven-microservices/microservices-demo)
2022-11-25 16:47:24 [main] INFO  c.m.d.t.t.k.s.TwitterToKafkaServiceApplication - No active profile set, falling back to 1 default profile: "default"
2022-11-25 16:47:25 [main] INFO  c.m.d.t.t.k.s.TwitterToKafkaServiceApplication - Started TwitterToKafkaServiceApplication in 0.74 seconds (JVM running for 1.345)
2022-11-25 16:47:25 [main] INFO  c.m.d.t.t.k.s.TwitterToKafkaServiceApplication - App starts...
2022-11-25 16:47:25 [main] INFO  c.m.d.t.t.k.s.TwitterToKafkaServiceApplication - [Java, Microservices, Kafka, Elasticsearch]
2022-11-25 16:47:25 [main] INFO  c.m.d.t.t.k.s.TwitterToKafkaServiceApplication - Hello microservices!
2022-11-25 16:47:25 [main] INFO  c.m.d.t.t.k.s.r.i.TwitterV2KafkaStreamRunner - Created filter for twitter stream for keywords: [Java, Microservices, Kafka, Elasticsearch]
2022-11-25 16:47:26 [main] INFO  c.m.d.t.t.k.s.r.i.TwitterV2StreamHelper - Created rules for twitter stream Java
2022-11-25 16:47:26 [main] INFO  o.s.b.a.l.ConditionEvaluationReportLoggingListener - 

Error starting ApplicationContext. To display the conditions report re-run your application with 'debug' enabled.
2022-11-25 16:47:26 [main] ERROR o.s.boot.SpringApplication - Application run failed
java.lang.IllegalStateException: Failed to execute CommandLineRunner
	at org.springframework.boot.SpringApplication.callRunner(SpringApplication.java:774)
	at org.springframework.boot.SpringApplication.callRunners(SpringApplication.java:755)
	at org.springframework.boot.SpringApplication.run(SpringApplication.java:315)
	at org.springframework.boot.SpringApplication.run(SpringApplication.java:1306)
	at org.springframework.boot.SpringApplication.run(SpringApplication.java:1295)
	at com.microservices.demo.twitter.to.kafka.service.TwitterToKafkaServiceApplication.main(TwitterToKafkaServiceApplication.java:29)
Caused by: org.json.JSONException: A JSONObject text must begin with '{' at 3 [character 4 line 1]
	at org.json.JSONTokener.syntaxError(JSONTokener.java:521)
	at org.json.JSONObject.<init>(JSONObject.java:225)
	at org.json.JSONObject.<init>(JSONObject.java:421)
	at com.microservices.demo.twitter.to.kafka.service.runner.impl.TwitterV2StreamHelper.getFormattedTweet(TwitterV2StreamHelper.java:223)
	at com.microservices.demo.twitter.to.kafka.service.runner.impl.TwitterV2StreamHelper.connectStream(TwitterV2StreamHelper.java:88)
	at com.microservices.demo.twitter.to.kafka.service.runner.impl.TwitterV2KafkaStreamRunner.start(TwitterV2KafkaStreamRunner.java:39)
	at com.microservices.demo.twitter.to.kafka.service.TwitterToKafkaServiceApplication.run(TwitterToKafkaServiceApplication.java:37)
	at org.springframework.boot.SpringApplication.callRunner(SpringApplication.java:771)
	... 5 common frames omitted
2022-11-25 16:48:56 [main] INFO  c.m.d.t.t.k.s.TwitterToKafkaServiceApplication - Starting TwitterToKafkaServiceApplication using Java 11.0.17 on SEN001426 with PID 1153459 (/home/viniciussilva/event-driven-microservices/microservices-demo/twitter-to-kafka-service/target/classes started by viniciussilva in /home/viniciussilva/event-driven-microservices/microservices-demo)
2022-11-25 16:48:56 [main] INFO  c.m.d.t.t.k.s.TwitterToKafkaServiceApplication - No active profile set, falling back to 1 default profile: "default"
2022-11-25 16:48:57 [main] INFO  c.m.d.t.t.k.s.TwitterToKafkaServiceApplication - Started TwitterToKafkaServiceApplication in 0.86 seconds (JVM running for 1.555)
2022-11-25 16:48:57 [main] INFO  c.m.d.t.t.k.s.TwitterToKafkaServiceApplication - App starts...
2022-11-25 16:48:57 [main] INFO  c.m.d.t.t.k.s.TwitterToKafkaServiceApplication - [Java, Microservices, Kafka, Elasticsearch]
2022-11-25 16:48:57 [main] INFO  c.m.d.t.t.k.s.TwitterToKafkaServiceApplication - Hello microservices!
2022-11-25 16:48:57 [main] INFO  c.m.d.t.t.k.s.r.i.TwitterV2KafkaStreamRunner - Created filter for twitter stream for keywords: [Java, Microservices, Kafka, Elasticsearch]
2022-11-25 16:48:58 [main] INFO  c.m.d.t.t.k.s.r.i.TwitterV2StreamHelper - Created rules for twitter stream Java
2022-11-25 16:48:58 [main] INFO  o.s.b.a.l.ConditionEvaluationReportLoggingListener - 

Error starting ApplicationContext. To display the conditions report re-run your application with 'debug' enabled.
2022-11-25 16:48:58 [main] ERROR o.s.boot.SpringApplication - Application run failed
java.lang.IllegalStateException: Failed to execute CommandLineRunner
	at org.springframework.boot.SpringApplication.callRunner(SpringApplication.java:774)
	at org.springframework.boot.SpringApplication.callRunners(SpringApplication.java:755)
	at org.springframework.boot.SpringApplication.run(SpringApplication.java:315)
	at org.springframework.boot.SpringApplication.run(SpringApplication.java:1306)
	at org.springframework.boot.SpringApplication.run(SpringApplication.java:1295)
	at com.microservices.demo.twitter.to.kafka.service.TwitterToKafkaServiceApplication.main(TwitterToKafkaServiceApplication.java:29)
Caused by: org.json.JSONException: A JSONObject text must begin with '{' at 3 [character 4 line 1]
	at org.json.JSONTokener.syntaxError(JSONTokener.java:521)
	at org.json.JSONObject.<init>(JSONObject.java:225)
	at org.json.JSONObject.<init>(JSONObject.java:421)
	at com.microservices.demo.twitter.to.kafka.service.runner.impl.TwitterV2StreamHelper.getFormattedTweet(TwitterV2StreamHelper.java:223)
	at com.microservices.demo.twitter.to.kafka.service.runner.impl.TwitterV2StreamHelper.connectStream(TwitterV2StreamHelper.java:88)
	at com.microservices.demo.twitter.to.kafka.service.runner.impl.TwitterV2KafkaStreamRunner.start(TwitterV2KafkaStreamRunner.java:39)
	at com.microservices.demo.twitter.to.kafka.service.TwitterToKafkaServiceApplication.run(TwitterToKafkaServiceApplication.java:37)
	at org.springframework.boot.SpringApplication.callRunner(SpringApplication.java:771)
	... 5 common frames omitted
2022-11-25 16:49:33 [main] INFO  c.m.d.t.t.k.s.TwitterToKafkaServiceApplication - Starting TwitterToKafkaServiceApplication using Java 11.0.17 on SEN001426 with PID 1153712 (/home/viniciussilva/event-driven-microservices/microservices-demo/twitter-to-kafka-service/target/classes started by viniciussilva in /home/viniciussilva/event-driven-microservices/microservices-demo)
2022-11-25 16:49:33 [main] INFO  c.m.d.t.t.k.s.TwitterToKafkaServiceApplication - No active profile set, falling back to 1 default profile: "default"
2022-11-25 16:49:34 [main] INFO  c.m.d.t.t.k.s.TwitterToKafkaServiceApplication - Started TwitterToKafkaServiceApplication in 0.785 seconds (JVM running for 1.685)
2022-11-25 16:49:34 [main] INFO  c.m.d.t.t.k.s.TwitterToKafkaServiceApplication - App starts...
2022-11-25 16:49:34 [main] INFO  c.m.d.t.t.k.s.TwitterToKafkaServiceApplication - [Java, Microservices, Kafka, Elasticsearch]
2022-11-25 16:49:34 [main] INFO  c.m.d.t.t.k.s.TwitterToKafkaServiceApplication - Hello microservices!
2022-11-25 16:49:34 [main] INFO  c.m.d.t.t.k.s.r.i.TwitterV2KafkaStreamRunner - Created filter for twitter stream for keywords: [Java, Microservices, Kafka, Elasticsearch]
2022-11-25 16:49:35 [main] INFO  c.m.d.t.t.k.s.r.i.TwitterV2StreamHelper - Created rules for twitter stream Java
2022-11-25 16:49:35 [main] INFO  o.s.b.a.l.ConditionEvaluationReportLoggingListener - 

Error starting ApplicationContext. To display the conditions report re-run your application with 'debug' enabled.
2022-11-25 16:49:35 [main] ERROR o.s.boot.SpringApplication - Application run failed
java.lang.IllegalStateException: Failed to execute CommandLineRunner
	at org.springframework.boot.SpringApplication.callRunner(SpringApplication.java:774)
	at org.springframework.boot.SpringApplication.callRunners(SpringApplication.java:755)
	at org.springframework.boot.SpringApplication.run(SpringApplication.java:315)
	at org.springframework.boot.SpringApplication.run(SpringApplication.java:1306)
	at org.springframework.boot.SpringApplication.run(SpringApplication.java:1295)
	at com.microservices.demo.twitter.to.kafka.service.TwitterToKafkaServiceApplication.main(TwitterToKafkaServiceApplication.java:29)
Caused by: java.lang.NullPointerException: null
	at com.microservices.demo.twitter.to.kafka.service.runner.impl.TwitterV2StreamHelper.connectStream(TwitterV2StreamHelper.java:87)
	at com.microservices.demo.twitter.to.kafka.service.runner.impl.TwitterV2KafkaStreamRunner.start(TwitterV2KafkaStreamRunner.java:39)
	at com.microservices.demo.twitter.to.kafka.service.TwitterToKafkaServiceApplication.run(TwitterToKafkaServiceApplication.java:37)
	at org.springframework.boot.SpringApplication.callRunner(SpringApplication.java:771)
	... 5 common frames omitted
2022-11-25 16:55:33 [main] INFO  c.m.d.t.t.k.s.TwitterToKafkaServiceApplication - Starting TwitterToKafkaServiceApplication using Java 11.0.17 on SEN001426 with PID 1158551 (/home/viniciussilva/event-driven-microservices/microservices-demo/twitter-to-kafka-service/target/classes started by viniciussilva in /home/viniciussilva/event-driven-microservices/microservices-demo)
2022-11-25 16:55:33 [main] INFO  c.m.d.t.t.k.s.TwitterToKafkaServiceApplication - No active profile set, falling back to 1 default profile: "default"
2022-11-25 16:55:34 [main] INFO  c.m.d.t.t.k.s.TwitterToKafkaServiceApplication - Started TwitterToKafkaServiceApplication in 0.865 seconds (JVM running for 1.816)
2022-11-25 16:55:34 [main] INFO  c.m.d.t.t.k.s.TwitterToKafkaServiceApplication - App starts...
2022-11-25 16:55:34 [main] INFO  c.m.d.t.t.k.s.TwitterToKafkaServiceApplication - [Java, Microservices, Kafka, Elasticsearch]
2022-11-25 16:55:34 [main] INFO  c.m.d.t.t.k.s.TwitterToKafkaServiceApplication - Hello microservices!
2022-11-25 16:55:34 [main] INFO  c.m.d.t.t.k.s.r.i.TwitterV2KafkaStreamRunner - Created filter for twitter stream for keywords: [Java, Microservices, Kafka, Elasticsearch]
2022-11-25 16:55:37 [main] INFO  c.m.d.t.t.k.s.r.i.TwitterV2StreamHelper - Created rules for twitter stream Java
2022-11-25 16:55:38 [main] INFO  o.s.b.a.l.ConditionEvaluationReportLoggingListener - 

Error starting ApplicationContext. To display the conditions report re-run your application with 'debug' enabled.
2022-11-25 16:55:38 [main] ERROR o.s.boot.SpringApplication - Application run failed
java.lang.IllegalStateException: Failed to execute CommandLineRunner
	at org.springframework.boot.SpringApplication.callRunner(SpringApplication.java:774)
	at org.springframework.boot.SpringApplication.callRunners(SpringApplication.java:755)
	at org.springframework.boot.SpringApplication.run(SpringApplication.java:315)
	at org.springframework.boot.SpringApplication.run(SpringApplication.java:1306)
	at org.springframework.boot.SpringApplication.run(SpringApplication.java:1295)
	at com.microservices.demo.twitter.to.kafka.service.TwitterToKafkaServiceApplication.main(TwitterToKafkaServiceApplication.java:29)
Caused by: java.lang.NullPointerException: null
	at com.microservices.demo.twitter.to.kafka.service.runner.impl.TwitterV2StreamHelper.connectStream(TwitterV2StreamHelper.java:87)
	at com.microservices.demo.twitter.to.kafka.service.runner.impl.TwitterV2KafkaStreamRunner.start(TwitterV2KafkaStreamRunner.java:39)
	at com.microservices.demo.twitter.to.kafka.service.TwitterToKafkaServiceApplication.run(TwitterToKafkaServiceApplication.java:37)
	at org.springframework.boot.SpringApplication.callRunner(SpringApplication.java:771)
	... 5 common frames omitted
2022-11-25 20:48:49 [main] INFO  c.m.d.t.t.k.s.TwitterToKafkaServiceApplication - Starting TwitterToKafkaServiceApplication using Java 11.0.17 on SEN001426 with PID 1234522 (/home/viniciussilva/event-driven-microservices/microservices-demo/twitter-to-kafka-service/target/classes started by viniciussilva in /home/viniciussilva/event-driven-microservices/microservices-demo)
2022-11-25 20:48:49 [main] INFO  c.m.d.t.t.k.s.TwitterToKafkaServiceApplication - No active profile set, falling back to 1 default profile: "default"
2022-11-25 20:48:50 [main] INFO  c.m.d.t.t.k.s.TwitterToKafkaServiceApplication - Started TwitterToKafkaServiceApplication in 1.039 seconds (JVM running for 3.329)
2022-11-25 20:48:50 [main] INFO  c.m.d.t.t.k.s.TwitterToKafkaServiceApplication - App starts...
2022-11-25 20:48:50 [main] INFO  c.m.d.t.t.k.s.TwitterToKafkaServiceApplication - [Java, Microservices, Kafka, Elasticsearch]
2022-11-25 20:48:50 [main] INFO  c.m.d.t.t.k.s.TwitterToKafkaServiceApplication - Hello microservices!
2022-11-25 20:48:50 [main] INFO  c.m.d.t.t.k.s.r.i.TwitterV2KafkaStreamRunner - Created filter for twitter stream for keywords: [Java, Microservices, Kafka, Elasticsearch]
2022-11-25 20:48:54 [main] INFO  c.m.d.t.t.k.s.r.i.TwitterV2StreamHelper - Created rules for twitter stream Java
2022-11-25 20:53:08 [RMI TCP Connection(3)-127.0.0.1] WARN  javax.management.remote.misc - The server has decided to close this client connection.
2022-11-25 20:55:19 [main] INFO  c.m.d.t.t.k.s.TwitterToKafkaServiceApplication - Starting TwitterToKafkaServiceApplication using Java 11.0.17 on SEN001426 with PID 1237174 (/home/viniciussilva/event-driven-microservices/microservices-demo/twitter-to-kafka-service/target/classes started by viniciussilva in /home/viniciussilva/event-driven-microservices/microservices-demo)
2022-11-25 20:55:19 [main] INFO  c.m.d.t.t.k.s.TwitterToKafkaServiceApplication - No active profile set, falling back to 1 default profile: "default"
2022-11-25 20:55:20 [main] INFO  c.m.d.t.t.k.s.TwitterToKafkaServiceApplication - Started TwitterToKafkaServiceApplication in 1.341 seconds (JVM running for 2.671)
2022-11-25 20:55:20 [main] INFO  c.m.d.t.t.k.s.TwitterToKafkaServiceApplication - App starts...
2022-11-25 20:55:20 [main] INFO  c.m.d.t.t.k.s.TwitterToKafkaServiceApplication - [Java, Microservices, Kafka, Elasticsearch]
2022-11-25 20:55:20 [main] INFO  c.m.d.t.t.k.s.TwitterToKafkaServiceApplication - Hello microservices!
2022-11-25 20:55:20 [main] INFO  c.m.d.t.t.k.s.r.i.TwitterV2KafkaStreamRunner - Created filter for twitter stream for keywords: [Java, Microservices, Kafka, Elasticsearch]
2022-11-25 20:55:24 [main] INFO  c.m.d.t.t.k.s.r.i.TwitterV2StreamHelper - Created rules for twitter stream Java
2022-11-25 20:55:24 [main] INFO  o.s.b.a.l.ConditionEvaluationReportLoggingListener - 

Error starting ApplicationContext. To display the conditions report re-run your application with 'debug' enabled.
2022-11-25 20:55:24 [main] ERROR o.s.boot.SpringApplication - Application run failed
java.lang.IllegalStateException: Failed to execute CommandLineRunner
	at org.springframework.boot.SpringApplication.callRunner(SpringApplication.java:774)
	at org.springframework.boot.SpringApplication.callRunners(SpringApplication.java:755)
	at org.springframework.boot.SpringApplication.run(SpringApplication.java:315)
	at org.springframework.boot.SpringApplication.run(SpringApplication.java:1306)
	at org.springframework.boot.SpringApplication.run(SpringApplication.java:1295)
	at com.microservices.demo.twitter.to.kafka.service.TwitterToKafkaServiceApplication.main(TwitterToKafkaServiceApplication.java:29)
Caused by: java.lang.NullPointerException: null
	at com.microservices.demo.twitter.to.kafka.service.runner.impl.TwitterV2StreamHelper.connectStream(TwitterV2StreamHelper.java:87)
	at com.microservices.demo.twitter.to.kafka.service.runner.impl.TwitterV2KafkaStreamRunner.start(TwitterV2KafkaStreamRunner.java:39)
	at com.microservices.demo.twitter.to.kafka.service.TwitterToKafkaServiceApplication.run(TwitterToKafkaServiceApplication.java:37)
	at org.springframework.boot.SpringApplication.callRunner(SpringApplication.java:771)
	... 5 common frames omitted
2022-11-25 20:58:37 [main] INFO  c.m.d.t.t.k.s.TwitterToKafkaServiceApplication - Starting TwitterToKafkaServiceApplication using Java 11.0.17 on SEN001426 with PID 1238576 (/home/viniciussilva/event-driven-microservices/microservices-demo/twitter-to-kafka-service/target/classes started by viniciussilva in /home/viniciussilva/event-driven-microservices/microservices-demo)
2022-11-25 20:58:37 [main] INFO  c.m.d.t.t.k.s.TwitterToKafkaServiceApplication - No active profile set, falling back to 1 default profile: "default"
2022-11-25 20:58:38 [main] INFO  c.m.d.t.t.k.s.TwitterToKafkaServiceApplication - Started TwitterToKafkaServiceApplication in 1.663 seconds (JVM running for 3.184)
2022-11-25 20:58:38 [main] INFO  c.m.d.t.t.k.s.TwitterToKafkaServiceApplication - App starts...
2022-11-25 20:58:38 [main] INFO  c.m.d.t.t.k.s.TwitterToKafkaServiceApplication - [Java, Microservices, Kafka, Elasticsearch]
2022-11-25 20:58:38 [main] INFO  c.m.d.t.t.k.s.TwitterToKafkaServiceApplication - Hello microservices!
2022-11-25 20:58:38 [main] INFO  c.m.d.t.t.k.s.r.i.TwitterV2KafkaStreamRunner - Created filter for twitter stream for keywords: [Java, Microservices, Kafka, Elasticsearch]
2022-11-25 21:03:02 [main] INFO  c.m.d.t.t.k.s.r.i.TwitterV2StreamHelper - Created rules for twitter stream Java
2022-11-25 21:03:38 [main] INFO  o.s.b.a.l.ConditionEvaluationReportLoggingListener - 

Error starting ApplicationContext. To display the conditions report re-run your application with 'debug' enabled.
2022-11-25 21:03:39 [main] ERROR o.s.boot.SpringApplication - Application run failed
java.lang.IllegalStateException: Failed to execute CommandLineRunner
	at org.springframework.boot.SpringApplication.callRunner(SpringApplication.java:774)
	at org.springframework.boot.SpringApplication.callRunners(SpringApplication.java:755)
	at org.springframework.boot.SpringApplication.run(SpringApplication.java:315)
	at org.springframework.boot.SpringApplication.run(SpringApplication.java:1306)
	at org.springframework.boot.SpringApplication.run(SpringApplication.java:1295)
	at com.microservices.demo.twitter.to.kafka.service.TwitterToKafkaServiceApplication.main(TwitterToKafkaServiceApplication.java:29)
Caused by: java.lang.NullPointerException: null
	at com.microservices.demo.twitter.to.kafka.service.runner.impl.TwitterV2StreamHelper.connectStream(TwitterV2StreamHelper.java:87)
	at com.microservices.demo.twitter.to.kafka.service.runner.impl.TwitterV2KafkaStreamRunner.start(TwitterV2KafkaStreamRunner.java:39)
	at com.microservices.demo.twitter.to.kafka.service.TwitterToKafkaServiceApplication.run(TwitterToKafkaServiceApplication.java:37)
	at org.springframework.boot.SpringApplication.callRunner(SpringApplication.java:771)
	... 5 common frames omitted
2022-11-25 21:03:48 [main] INFO  c.m.d.t.t.k.s.TwitterToKafkaServiceApplication - Starting TwitterToKafkaServiceApplication using Java 11.0.17 on SEN001426 with PID 1240453 (/home/viniciussilva/event-driven-microservices/microservices-demo/twitter-to-kafka-service/target/classes started by viniciussilva in /home/viniciussilva/event-driven-microservices/microservices-demo)
2022-11-25 21:03:48 [main] INFO  c.m.d.t.t.k.s.TwitterToKafkaServiceApplication - No active profile set, falling back to 1 default profile: "default"
2022-11-25 21:03:48 [main] INFO  c.m.d.t.t.k.s.TwitterToKafkaServiceApplication - Started TwitterToKafkaServiceApplication in 1.209 seconds (JVM running for 3.588)
2022-11-25 21:03:48 [main] INFO  c.m.d.t.t.k.s.TwitterToKafkaServiceApplication - App starts...
2022-11-25 21:03:48 [main] INFO  c.m.d.t.t.k.s.TwitterToKafkaServiceApplication - [Java, Microservices, Kafka, Elasticsearch]
2022-11-25 21:03:48 [main] INFO  c.m.d.t.t.k.s.TwitterToKafkaServiceApplication - Hello microservices!
2022-11-25 21:03:48 [main] INFO  c.m.d.t.t.k.s.r.i.TwitterV2KafkaStreamRunner - Created filter for twitter stream for keywords: [Java, Microservices, Kafka, Elasticsearch]
2022-11-25 21:04:15 [main] INFO  c.m.d.t.t.k.s.TwitterToKafkaServiceApplication - Starting TwitterToKafkaServiceApplication using Java 11.0.17 on SEN001426 with PID 1240758 (/home/viniciussilva/event-driven-microservices/microservices-demo/twitter-to-kafka-service/target/classes started by viniciussilva in /home/viniciussilva/event-driven-microservices/microservices-demo)
2022-11-25 21:04:15 [main] INFO  c.m.d.t.t.k.s.TwitterToKafkaServiceApplication - No active profile set, falling back to 1 default profile: "default"
2022-11-25 21:04:16 [main] INFO  c.m.d.t.t.k.s.TwitterToKafkaServiceApplication - Started TwitterToKafkaServiceApplication in 1.205 seconds (JVM running for 2.413)
2022-11-25 21:04:16 [main] INFO  c.m.d.t.t.k.s.TwitterToKafkaServiceApplication - App starts...
2022-11-25 21:04:16 [main] INFO  c.m.d.t.t.k.s.TwitterToKafkaServiceApplication - [Java, Microservices, Kafka, Elasticsearch]
2022-11-25 21:04:16 [main] INFO  c.m.d.t.t.k.s.TwitterToKafkaServiceApplication - Hello microservices!
2022-11-25 21:04:16 [main] INFO  c.m.d.t.t.k.s.r.i.TwitterV2KafkaStreamRunner - Created filter for twitter stream for keywords: [Java, Microservices, Kafka, Elasticsearch]
2022-11-25 21:04:24 [main] INFO  c.m.d.t.t.k.s.r.i.TwitterV2StreamHelper - Created rules for twitter stream Java
2022-11-25 21:07:34 [main] INFO  o.s.b.a.l.ConditionEvaluationReportLoggingListener - 

Error starting ApplicationContext. To display the conditions report re-run your application with 'debug' enabled.
2022-11-25 21:07:35 [main] ERROR o.s.boot.SpringApplication - Application run failed
java.lang.IllegalStateException: Failed to execute CommandLineRunner
	at org.springframework.boot.SpringApplication.callRunner(SpringApplication.java:774)
	at org.springframework.boot.SpringApplication.callRunners(SpringApplication.java:755)
	at org.springframework.boot.SpringApplication.run(SpringApplication.java:315)
	at org.springframework.boot.SpringApplication.run(SpringApplication.java:1306)
	at org.springframework.boot.SpringApplication.run(SpringApplication.java:1295)
	at com.microservices.demo.twitter.to.kafka.service.TwitterToKafkaServiceApplication.main(TwitterToKafkaServiceApplication.java:29)
Caused by: java.lang.NullPointerException: null
	at com.microservices.demo.twitter.to.kafka.service.runner.impl.TwitterV2StreamHelper.connectStream(TwitterV2StreamHelper.java:87)
	at com.microservices.demo.twitter.to.kafka.service.runner.impl.TwitterV2KafkaStreamRunner.start(TwitterV2KafkaStreamRunner.java:39)
	at com.microservices.demo.twitter.to.kafka.service.TwitterToKafkaServiceApplication.run(TwitterToKafkaServiceApplication.java:37)
	at org.springframework.boot.SpringApplication.callRunner(SpringApplication.java:771)
	... 5 common frames omitted
2022-11-25 21:08:42 [main] INFO  c.m.d.t.t.k.s.TwitterToKafkaServiceApplication - Starting TwitterToKafkaServiceApplication using Java 11.0.17 on SEN001426 with PID 1242667 (/home/viniciussilva/event-driven-microservices/microservices-demo/twitter-to-kafka-service/target/classes started by viniciussilva in /home/viniciussilva/event-driven-microservices/microservices-demo)
2022-11-25 21:08:42 [main] INFO  c.m.d.t.t.k.s.TwitterToKafkaServiceApplication - No active profile set, falling back to 1 default profile: "default"
2022-11-25 21:08:43 [main] INFO  c.m.d.t.t.k.s.TwitterToKafkaServiceApplication - Started TwitterToKafkaServiceApplication in 1.046 seconds (JVM running for 1.879)
2022-11-25 21:08:43 [main] INFO  c.m.d.t.t.k.s.TwitterToKafkaServiceApplication - App starts...
2022-11-25 21:08:43 [main] INFO  c.m.d.t.t.k.s.TwitterToKafkaServiceApplication - [Java, Microservices, Kafka, Elasticsearch]
2022-11-25 21:08:43 [main] INFO  c.m.d.t.t.k.s.TwitterToKafkaServiceApplication - Hello microservices!
2022-11-25 21:08:43 [main] INFO  c.m.d.t.t.k.s.r.i.TwitterV2KafkaStreamRunner - Created filter for twitter stream for keywords: [Java, Microservices, Kafka, Elasticsearch]
2022-11-25 21:08:46 [main] INFO  c.m.d.t.t.k.s.r.i.TwitterV2StreamHelper - Created rules for twitter stream Java
